22:03:51 **** Clean-only build of configuration Debug for project Algorithm ****
make clean 
rm -rf  ./main.o  ./main.d  Algorithm
 
22:03:51 **** Build of configuration Debug for project Algorithm ****
make all 
Building file: ../main.cpp
Invoking: GCC C++ Compiler
g++ -O0 -g3 -Wall -c -fmessage-length=0 -MMD -MP -MF"main.d" -MT"main.o" -o "main.o" "../main.cpp"
Finished building: ../main.cpp
 
Building target: Algorithm
Invoking: MacOS X C++ Linker
g++  -o "Algorithm"  ./main.o   
Finished building target: Algorithm
 
22:03:57 **** Incremental Build of configuration Debug for project Algorithm ****
make all 
make: Nothing to be done for `all'.
22:04:35 **** Incremental Build of configuration Debug for project Algorithm ****
make all 
make: Nothing to be done for `all'.
22:08:31 **** Incremental Build of configuration Debug for project Algorithm ****
make all 
make: Nothing to be done for `all'.
